# JRE version: Java(TM) SE Runtime Environment (8.0_271-b09) (build 1.8.0_271-b09)
# Java VM: Java HotSpot(TM) 64-Bit Server VM (25.271-b09 mixed mode bsd-amd64 compressed oops)
Heap:
 PSYoungGen      total 175104K, used 56692K [0x00000007b0000000, 0x00000007c0000000, 0x00000007c0000000)
  eden space 88064K, 63% used [0x00000007b0000000,0x00000007b36f5110,0x00000007b5600000)
  from space 87040K, 0% used [0x00000007b5600000,0x00000007b5668000,0x00000007bab00000)
  to   space 87040K, 0% used [0x00000007bab00000,0x00000007bab00000,0x00000007c0000000)
 ParOldGen       total 524288K, used 420395K [0x0000000790000000, 0x00000007b0000000, 0x00000007b0000000)
  object space 524288K, 80% used [0x0000000790000000,0x00000007a9a8af50,0x00000007b0000000)
 Metaspace       used 4979K, capacity 5736K, committed 6016K, reserved 1056768K
  class space    used 557K, capacity 596K, committed 640K, reserved 1048576K
GC Heap History (10 events):
Event: 21.189 GC heap before
{Heap before GC invocations=15 (full 3):
 PSYoungGen      total 175104K, used 109088K [0x00000007b0000000, 0x00000007c0000000, 0x00000007c0000000)
  eden space 88064K, 100% used [0x00000007b0000000,0x00000007b5600000,0x00000007b5600000)
  from space 87040K, 24% used [0x00000007b5600000,0x00000007b6a88000,0x00000007bab00000)
  to   space 87040K, 0% used [0x00000007bab00000,0x00000007bab00000,0x00000007c0000000)
 ParOldGen       total 524288K, used 387915K [0x0000000790000000, 0x00000007b0000000, 0x00000007b0000000)
  object space 524288K, 73% used [0x0000000790000000,0x00000007a7ad2c00,0x00000007b0000000)
 Metaspace       used 4912K, capacity 5736K, committed 6016K, reserved 1056768K
  class space    used 554K, capacity 596K, committed 640K, reserved 1048576K
Event: 21.211 GC heap after
Heap after GC invocations=15 (full 3):
 PSYoungGen      total 175104K, used 13042K [0x00000007b0000000, 0x00000007c0000000, 0x00000007c0000000)
  eden space 88064K, 0% used [0x00000007b0000000,0x00000007b0000000,0x00000007b5600000)
  from space 87040K, 14% used [0x00000007bab00000,0x00000007bb7bc818,0x00000007c0000000)
  to   space 87040K, 0% used [0x00000007b5600000,0x00000007b5600000,0x00000007bab00000)
 ParOldGen       total 524288K, used 408819K [0x0000000790000000, 0x00000007b0000000, 0x00000007b0000000)
  object space 524288K, 77% used [0x0000000790000000,0x00000007a8f3cc00,0x00000007b0000000)
 Metaspace       used 4912K, capacity 5736K, committed 6016K, reserved 1056768K
  class space    used 554K, capacity 596K, committed 640K, reserved 1048576K
}
Event: 21.455 GC heap before
{Heap before GC invocations=16 (full 3):
 PSYoungGen      total 175104K, used 101106K [0x00000007b0000000, 0x00000007c0000000, 0x00000007c0000000)
  eden space 88064K, 100% used [0x00000007b0000000,0x00000007b5600000,0x00000007b5600000)
  from space 87040K, 14% used [0x00000007bab00000,0x00000007bb7bc818,0x00000007c0000000)
  to   space 87040K, 0% used [0x00000007b5600000,0x00000007b5600000,0x00000007bab00000)
 ParOldGen       total 524288K, used 408819K [0x0000000790000000, 0x00000007b0000000, 0x00000007b0000000)
  object space 524288K, 77% used [0x0000000790000000,0x00000007a8f3cc00,0x00000007b0000000)
 Metaspace       used 4959K, capacity 5736K, committed 6016K, reserved 1056768K
  class space    used 555K, capacity 596K, committed 640K, reserved 1048576K
Event: 21.466 GC heap after
Heap after GC invocations=16 (full 3):
 PSYoungGen      total 175104K, used 512K [0x00000007b0000000, 0x00000007c0000000, 0x00000007c0000000)
  eden space 88064K, 0% used [0x00000007b0000000,0x00000007b0000000,0x00000007b5600000)
  from space 87040K, 0% used [0x00000007b5600000,0x00000007b5680000,0x00000007bab00000)
  to   space 87040K, 0% used [0x00000007bab00000,0x00000007bab00000,0x00000007c0000000)
 ParOldGen       total 524288K, used 420779K [0x0000000790000000, 0x00000007b0000000, 0x00000007b0000000)
  object space 524288K, 80% used [0x0000000790000000,0x00000007a9aeafc0,0x00000007b0000000)
 Metaspace       used 4959K, capacity 5736K, committed 6016K, reserved 1056768K
  class space    used 555K, capacity 596K, committed 640K, reserved 1048576K
}
Event: 21.466 GC heap before
{Heap before GC invocations=17 (full 4):
 PSYoungGen      total 175104K, used 512K [0x00000007b0000000, 0x00000007c0000000, 0x00000007c0000000)
  eden space 88064K, 0% used [0x00000007b0000000,0x00000007b0000000,0x00000007b5600000)
  from space 87040K, 0% used [0x00000007b5600000,0x00000007b5680000,0x00000007bab00000)
  to   space 87040K, 0% used [0x00000007bab00000,0x00000007bab00000,0x00000007c0000000)
 ParOldGen       total 524288K, used 420779K [0x0000000790000000, 0x00000007b0000000, 0x00000007b0000000)
  object space 524288K, 80% used [0x0000000790000000,0x00000007a9aeafc0,0x00000007b0000000)
 Metaspace       used 4959K, capacity 5736K, committed 6016K, reserved 1056768K
  class space    used 555K, capacity 596K, committed 640K, reserved 1048576K
Event: 22.618 GC heap after
Heap after GC invocations=17 (full 4):
 PSYoungGen      total 175104K, used 0K [0x00000007b0000000, 0x00000007c0000000, 0x00000007c0000000)
  eden space 88064K, 0% used [0x00000007b0000000,0x00000007b0000000,0x00000007b5600000)
  from space 87040K, 0% used [0x00000007b5600000,0x00000007b5600000,0x00000007bab00000)
  to   space 87040K, 0% used [0x00000007bab00000,0x00000007bab00000,0x00000007c0000000)
 ParOldGen       total 524288K, used 420259K [0x0000000790000000, 0x00000007b0000000, 0x00000007b0000000)
  object space 524288K, 80% used [0x0000000790000000,0x00000007a9a68f50,0x00000007b0000000)
 Metaspace       used 4959K, capacity 5736K, committed 6016K, reserved 1056768K
  class space    used 555K, capacity 596K, committed 640K, reserved 1048576K
}
Event: 22.843 GC heap before
{Heap before GC invocations=18 (full 4):
 PSYoungGen      total 175104K, used 88064K [0x00000007b0000000, 0x00000007c0000000, 0x00000007c0000000)
  eden space 88064K, 100% used [0x00000007b0000000,0x00000007b5600000,0x00000007b5600000)
  from space 87040K, 0% used [0x00000007b5600000,0x00000007b5600000,0x00000007bab00000)
  to   space 87040K, 0% used [0x00000007bab00000,0x00000007bab00000,0x00000007c0000000)
 ParOldGen       total 524288K, used 420259K [0x0000000790000000, 0x00000007b0000000, 0x00000007b0000000)
  object space 524288K, 80% used [0x0000000790000000,0x00000007a9a68f50,0x00000007b0000000)
 Metaspace       used 4970K, capacity 5736K, committed 6016K, reserved 1056768K
  class space    used 555K, capacity 596K, committed 640K, reserved 1048576K
Event: 22.845 GC heap after
Heap after GC invocations=18 (full 4):
 PSYoungGen      total 175104K, used 544K [0x00000007b0000000, 0x00000007c0000000, 0x00000007c0000000)
  eden space 88064K, 0% used [0x00000007b0000000,0x00000007b0000000,0x00000007b5600000)
  from space 87040K, 0% used [0x00000007bab00000,0x00000007bab88000,0x00000007c0000000)
  to   space 87040K, 0% used [0x00000007b5600000,0x00000007b5600000,0x00000007bab00000)
 ParOldGen       total 524288K, used 420267K [0x0000000790000000, 0x00000007b0000000, 0x00000007b0000000)
  object space 524288K, 80% used [0x0000000790000000,0x00000007a9a6af50,0x00000007b0000000)
 Metaspace       used 4970K, capacity 5736K, committed 6016K, reserved 1056768K
  class space    used 555K, capacity 596K, committed 640K, reserved 1048576K
}
Event: 23.085 GC heap before
{Heap before GC invocations=19 (full 4):
 PSYoungGen      total 175104K, used 88608K [0x00000007b0000000, 0x00000007c0000000, 0x00000007c0000000)
  eden space 88064K, 100% used [0x00000007b0000000,0x00000007b5600000,0x00000007b5600000)
  from space 87040K, 0% used [0x00000007bab00000,0x00000007bab88000,0x00000007c0000000)
  to   space 87040K, 0% used [0x00000007b5600000,0x00000007b5600000,0x00000007bab00000)
 ParOldGen       total 524288K, used 420267K [0x0000000790000000, 0x00000007b0000000, 0x00000007b0000000)
  object space 524288K, 80% used [0x0000000790000000,0x00000007a9a6af50,0x00000007b0000000)
 Metaspace       used 4977K, capacity 5736K, committed 6016K, reserved 1056768K
  class space    used 557K, capacity 596K, committed 640K, reserved 1048576K
Event: 23.087 GC heap after
Heap after GC invocations=19 (full 4):
 PSYoungGen      total 175104K, used 416K [0x00000007b0000000, 0x00000007c0000000, 0x00000007c0000000)
  eden space 88064K, 0% used [0x00000007b0000000,0x00000007b0000000,0x00000007b5600000)
  from space 87040K, 0% used [0x00000007b5600000,0x00000007b5668000,0x00000007bab00000)
  to   space 87040K, 0% used [0x00000007bab00000,0x00000007bab00000,0x00000007c0000000)
 ParOldGen       total 524288K, used 420395K [0x0000000790000000, 0x00000007b0000000, 0x00000007b0000000)
  object space 524288K, 80% used [0x0000000790000000,0x00000007a9a8af50,0x00000007b0000000)
 Metaspace       used 4977K, capacity 5736K, committed 6016K, reserved 1056768K
  class space    used 557K, capacity 596K, committed 640K, reserved 1048576K
}

